<?xml version="1.0" encoding="UTF-8"?>
<!-- Generated by org.testng.reporters.JUnitXMLReporter -->
<testsuite hostname="DESKTOP-5012LI8" ignored="0" name="Default test" tests="3" failures="0" timestamp="15 Feb 2019 06:12:00 GMT" time="35.639" errors="0">
  <testcase name="Validatelogintitletest" time="0.032" classname="com.crm.qa.testdata.LoginPageTest"/>
  <testcase name="ValidateCrmlogotest" time="0.062" classname="com.crm.qa.testdata.LoginPageTest"/>
  <testcase name="logintest" time="4.665" classname="com.crm.qa.testdata.LoginPageTest"/>
</testsuite> <!-- Default test -->
